2019-03-03 17:26:44 INFO  lab.dao.FileDAO:33 - Method write file on server
2019-03-03 17:26:44 INFO  lab.dao.FileDAO:42 - File created: true
2019-03-03 17:26:44 INFO  lab.dao.FileDAO:46 - File is less than 1MB 0
2019-03-03 17:29:37 INFO  lab.dao.FileDAO:33 - Method write file on server
2019-03-03 17:29:37 WARN  lab.dao.FileDAO:52 - File is already create
2019-03-03 17:29:37 INFO  lab.dao.FileDAO:33 - Method write file on server
2019-03-03 17:29:37 WARN  lab.dao.FileDAO:52 - File is already create
2019-03-03 18:09:37 INFO  lab.dao.FileDAO:33 - Method write file on server
2019-03-03 18:09:37 INFO  lab.dao.FileDAO:42 - File created: true
2019-03-03 18:09:37 INFO  lab.dao.FileDAO:46 - File is less than 1MB 0
2019-03-03 18:09:37 INFO  lab.dao.FileDAO:33 - Method write file on server
2019-03-03 18:09:37 INFO  lab.dao.FileDAO:42 - File created: true
2019-03-03 18:09:37 INFO  lab.dao.FileDAO:46 - File is less than 1MB 0
2019-03-03 18:09:37 INFO  lab.dao.FileDAO:62 - Method all file
2019-03-03 18:09:37 INFO  lab.dao.FileDAO:68 - List of all file: 
2019-03-03 18:09:37 INFO  lab.dao.FileDAO:70 - File: src\test\java\myResources\Hello.txt
2019-03-03 18:09:37 INFO  lab.dao.FileDAO:70 - File: src\test\java\myResources\Hello1.txt
2019-03-03 18:09:37 INFO  lab.dao.FileDAO:70 - File: src\test\java\myResources\Hello2
2019-03-03 18:09:37 INFO  lab.dao.FileDAO:70 - File: src\test\java\myResources\Hello3
2019-03-03 18:10:43 INFO  lab.dao.FileDAO:33 - Method write file on server
2019-03-03 18:10:43 INFO  lab.dao.FileDAO:42 - File created: true
2019-03-03 18:10:43 INFO  lab.dao.FileDAO:46 - File is less than 1MB 0
2019-03-03 18:10:43 INFO  lab.dao.FileDAO:33 - Method write file on server
2019-03-03 18:10:43 INFO  lab.dao.FileDAO:42 - File created: true
2019-03-03 18:10:43 INFO  lab.dao.FileDAO:46 - File is less than 1MB 0
2019-03-03 18:10:43 INFO  lab.dao.FileDAO:62 - Method all file
2019-03-03 18:10:43 INFO  lab.dao.FileDAO:68 - List of all file: 
2019-03-03 18:10:43 INFO  lab.dao.FileDAO:70 - File: src\test\java\myResources\Hello.txt
2019-03-03 18:10:43 INFO  lab.dao.FileDAO:70 - File: src\test\java\myResources\Hello1.txt
2019-03-03 18:10:43 INFO  lab.dao.FileDAO:70 - File: src\test\java\myResources\Hello2
2019-03-03 18:10:43 INFO  lab.dao.FileDAO:70 - File: src\test\java\myResources\Hello2.txt
2019-03-03 18:10:43 INFO  lab.dao.FileDAO:70 - File: src\test\java\myResources\Hello3
2019-03-03 18:10:43 INFO  lab.dao.FileDAO:70 - File: src\test\java\myResources\Hello3.txt
2019-03-03 18:24:38 INFO  lab.dao.FileDAO:93 - Method deleting file from server
2019-03-03 18:24:38 INFO  lab.dao.FileDAO:101 - File is exists
2019-03-03 18:24:38 INFO  lab.dao.FileDAO:110 - File is delete
2019-03-03 18:24:38 INFO  lab.dao.FileDAO:62 - Method all file
2019-03-03 18:24:38 INFO  lab.dao.FileDAO:69 - List of all file: 
2019-03-03 18:24:38 INFO  lab.dao.FileDAO:71 - File: src\test\java\myResources\Hello.txt
2019-03-03 18:24:38 INFO  lab.dao.FileDAO:71 - File: src\test\java\myResources\Hello1.txt
2019-03-03 18:24:38 INFO  lab.dao.FileDAO:71 - File: src\test\java\myResources\Hello2.txt
2019-03-03 18:24:38 INFO  lab.dao.FileDAO:71 - File: src\test\java\myResources\Hello3
2019-03-03 18:24:38 INFO  lab.dao.FileDAO:71 - File: src\test\java\myResources\Hello3.txt
2019-03-03 18:25:09 INFO  lab.dao.FileDAO:93 - Method deleting file from server
2019-03-03 18:25:09 WARN  lab.dao.FileDAO:104 - File isn't exists
2019-03-03 18:25:09 INFO  lab.dao.FileDAO:110 - File is delete
2019-03-03 18:25:09 INFO  lab.dao.FileDAO:62 - Method all file
2019-03-03 18:25:09 INFO  lab.dao.FileDAO:69 - List of all file: 
2019-03-03 18:25:09 INFO  lab.dao.FileDAO:71 - File: src\test\java\myResources\Hello.txt
2019-03-03 18:25:09 INFO  lab.dao.FileDAO:71 - File: src\test\java\myResources\Hello1.txt
2019-03-03 18:25:09 INFO  lab.dao.FileDAO:71 - File: src\test\java\myResources\Hello2.txt
2019-03-03 18:25:09 INFO  lab.dao.FileDAO:71 - File: src\test\java\myResources\Hello3
2019-03-03 18:25:09 INFO  lab.dao.FileDAO:71 - File: src\test\java\myResources\Hello3.txt
2019-03-03 18:26:01 INFO  lab.dao.FileDAO:93 - Method deleting file from server
2019-03-03 18:26:01 WARN  lab.dao.FileDAO:105 - File isn't exists
2019-03-03 18:26:01 INFO  lab.dao.FileDAO:62 - Method all file
2019-03-03 18:26:01 INFO  lab.dao.FileDAO:69 - List of all file: 
2019-03-03 18:26:01 INFO  lab.dao.FileDAO:71 - File: src\test\java\myResources\Hello.txt
2019-03-03 18:26:01 INFO  lab.dao.FileDAO:71 - File: src\test\java\myResources\Hello1.txt
2019-03-03 18:26:01 INFO  lab.dao.FileDAO:71 - File: src\test\java\myResources\Hello2.txt
2019-03-03 18:26:01 INFO  lab.dao.FileDAO:71 - File: src\test\java\myResources\Hello3
2019-03-03 18:26:01 INFO  lab.dao.FileDAO:71 - File: src\test\java\myResources\Hello3.txt
