2019-03-09 18:56:33 INFO  web.context.ContextLoader:285 - Root WebApplicationContext: initialization started
2019-03-09 18:56:33 INFO  context.support.XmlWebApplicationContext:514 - Refreshing Root WebApplicationContext: startup date [Sat Mar 09 18:56:33 EET 2019]; root of context hierarchy
2019-03-09 18:56:33 INFO  factory.xml.XmlBeanDefinitionReader:317 - Loading XML bean definitions from ServletContext resource [/WEB-INF/beans_soap.xml]
2019-03-09 18:56:34 INFO  factory.xml.XmlBeanDefinitionReader:317 - Loading XML bean definitions from class path resource [META-INF/cxf/cxf.xml]
2019-03-09 18:56:35 INFO  factory.xml.XmlBeanDefinitionReader:317 - Loading XML bean definitions from ServletContext resource [/WEB-INF/beans_rest.xml]
2019-03-09 18:56:35 INFO  factory.xml.XmlBeanDefinitionReader:317 - Loading XML bean definitions from class path resource [META-INF/cxf/cxf.xml]
2019-03-09 18:56:35 INFO  factory.support.DefaultListableBeanFactory:822 - Overriding bean definition for bean 'cxf': replacing [Generic bean: class [org.apache.cxf.bus.spring.SpringBus]; scope=; abstract=false; lazyInit=false; autowireMode=0; dependencyCheck=0; autowireCandidate=true; primary=false; factoryBeanName=null; factoryMethodName=null; initMethodName=null; destroyMethodName=shutdown; defined in class path resource [META-INF/cxf/cxf.xml]] with [Generic bean: class [org.apache.cxf.bus.spring.SpringBus]; scope=; abstract=false; lazyInit=false; autowireMode=0; dependencyCheck=0; autowireCandidate=true; primary=false; factoryBeanName=null; factoryMethodName=null; initMethodName=null; destroyMethodName=shutdown; defined in class path resource [META-INF/cxf/cxf.xml]]
2019-03-09 18:56:35 INFO  factory.support.DefaultListableBeanFactory:822 - Overriding bean definition for bean 'org.apache.cxf.bus.spring.BusWiringBeanFactoryPostProcessor': replacing [Generic bean: class [org.apache.cxf.bus.spring.BusWiringBeanFactoryPostProcessor]; scope=; abstract=false; lazyInit=false; autowireMode=0; dependencyCheck=0; autowireCandidate=true; primary=false; factoryBeanName=null; factoryMethodName=null; initMethodName=null; destroyMethodName=null; defined in class path resource [META-INF/cxf/cxf.xml]] with [Generic bean: class [org.apache.cxf.bus.spring.BusWiringBeanFactoryPostProcessor]; scope=; abstract=false; lazyInit=false; autowireMode=0; dependencyCheck=0; autowireCandidate=true; primary=false; factoryBeanName=null; factoryMethodName=null; initMethodName=null; destroyMethodName=null; defined in class path resource [META-INF/cxf/cxf.xml]]
2019-03-09 18:56:35 INFO  factory.support.DefaultListableBeanFactory:822 - Overriding bean definition for bean 'org.apache.cxf.bus.spring.Jsr250BeanPostProcessor': replacing [Generic bean: class [org.apache.cxf.bus.spring.Jsr250BeanPostProcessor]; scope=; abstract=false; lazyInit=false; autowireMode=0; dependencyCheck=0; autowireCandidate=true; primary=false; factoryBeanName=null; factoryMethodName=null; initMethodName=null; destroyMethodName=null; defined in class path resource [META-INF/cxf/cxf.xml]] with [Generic bean: class [org.apache.cxf.bus.spring.Jsr250BeanPostProcessor]; scope=; abstract=false; lazyInit=false; autowireMode=0; dependencyCheck=0; autowireCandidate=true; primary=false; factoryBeanName=null; factoryMethodName=null; initMethodName=null; destroyMethodName=null; defined in class path resource [META-INF/cxf/cxf.xml]]
2019-03-09 18:56:35 INFO  factory.support.DefaultListableBeanFactory:822 - Overriding bean definition for bean 'org.apache.cxf.bus.spring.BusExtensionPostProcessor': replacing [Generic bean: class [org.apache.cxf.bus.spring.BusExtensionPostProcessor]; scope=; abstract=false; lazyInit=false; autowireMode=0; dependencyCheck=0; autowireCandidate=true; primary=false; factoryBeanName=null; factoryMethodName=null; initMethodName=null; destroyMethodName=null; defined in class path resource [META-INF/cxf/cxf.xml]] with [Generic bean: class [org.apache.cxf.bus.spring.BusExtensionPostProcessor]; scope=; abstract=false; lazyInit=false; autowireMode=0; dependencyCheck=0; autowireCandidate=true; primary=false; factoryBeanName=null; factoryMethodName=null; initMethodName=null; destroyMethodName=null; defined in class path resource [META-INF/cxf/cxf.xml]]
2019-03-09 18:56:35 INFO  factory.annotation.AutowiredAnnotationBeanPostProcessor:153 - JSR-330 'javax.inject.Inject' annotation found and supported for autowiring
2019-03-09 18:56:38 INFO  web.context.ContextLoader:325 - Root WebApplicationContext: initialization completed in 5422 ms
2019-03-09 18:56:45 INFO  web.rest.FileServiceImpl:17 - Method get list all files
2019-03-09 18:56:45 INFO  lab.dao.FileDAO:45 - Method all file
2019-03-09 18:56:45 INFO  lab.dao.FileDAO:53 - List of all file: 
2019-03-09 18:56:45 INFO  lab.dao.FileDAO:55 - File: src\main\resources\myResources\fd
2019-03-09 18:56:45 INFO  lab.dao.FileDAO:55 - File: src\main\resources\myResources\fdd
2019-03-09 18:56:45 INFO  lab.dao.FileDAO:55 - File: src\main\resources\myResources\Hello.txt
2019-03-09 18:56:46 INFO  lab.dao.FileDAO:55 - File: src\main\resources\myResources\Hello1.txt
2019-03-09 18:56:46 INFO  lab.dao.FileDAO:55 - File: src\main\resources\myResources\Hello2.txt
2019-03-09 18:56:46 INFO  lab.dao.FileDAO:55 - File: src\main\resources\myResources\Hello3
2019-03-09 18:56:46 INFO  lab.dao.FileDAO:55 - File: src\main\resources\myResources\Hello3.txt
2019-03-09 18:56:46 INFO  lab.dao.FileDAO:55 - File: src\main\resources\myResources\Hello4
2019-03-09 18:58:40 INFO  web.rest.FileServiceImpl:27 - Method write file
2019-03-09 18:58:40 INFO  lab.dao.FileDAO:16 - Method write file on server
2019-03-09 18:58:40 INFO  lab.dao.FileDAO:25 - File created: true
2019-03-09 18:58:40 INFO  lab.dao.FileDAO:29 - File is less than 1MB 0
2019-03-09 18:58:40 INFO  web.rest.FileServiceImpl:33 - Method write file result:true
2019-03-09 18:59:18 INFO  web.rest.FileServiceImpl:62 - Method delete file
2019-03-09 18:59:18 INFO  lab.dao.FileDAO:91 - Method deleting file from server
2019-03-09 18:59:18 INFO  lab.dao.FileDAO:99 - File is exists
2019-03-09 18:59:18 INFO  lab.dao.FileDAO:101 - File is delete
2019-03-09 18:59:18 INFO  web.rest.FileServiceImpl:73 - Method delete file result:true
2019-03-09 19:23:57 INFO  web.context.ContextLoader:285 - Root WebApplicationContext: initialization started
2019-03-09 19:23:57 INFO  context.support.XmlWebApplicationContext:514 - Refreshing Root WebApplicationContext: startup date [Sat Mar 09 19:23:57 EET 2019]; root of context hierarchy
2019-03-09 19:23:58 INFO  factory.xml.XmlBeanDefinitionReader:317 - Loading XML bean definitions from ServletContext resource [/WEB-INF/beans_soap.xml]
2019-03-09 19:23:58 INFO  factory.xml.XmlBeanDefinitionReader:317 - Loading XML bean definitions from class path resource [META-INF/cxf/cxf.xml]
2019-03-09 19:24:05 INFO  factory.xml.XmlBeanDefinitionReader:317 - Loading XML bean definitions from ServletContext resource [/WEB-INF/beans_rest.xml]
2019-03-09 19:24:05 INFO  factory.xml.XmlBeanDefinitionReader:317 - Loading XML bean definitions from class path resource [META-INF/cxf/cxf.xml]
2019-03-09 19:24:05 INFO  factory.support.DefaultListableBeanFactory:822 - Overriding bean definition for bean 'cxf': replacing [Generic bean: class [org.apache.cxf.bus.spring.SpringBus]; scope=; abstract=false; lazyInit=false; autowireMode=0; dependencyCheck=0; autowireCandidate=true; primary=false; factoryBeanName=null; factoryMethodName=null; initMethodName=null; destroyMethodName=shutdown; defined in class path resource [META-INF/cxf/cxf.xml]] with [Generic bean: class [org.apache.cxf.bus.spring.SpringBus]; scope=; abstract=false; lazyInit=false; autowireMode=0; dependencyCheck=0; autowireCandidate=true; primary=false; factoryBeanName=null; factoryMethodName=null; initMethodName=null; destroyMethodName=shutdown; defined in class path resource [META-INF/cxf/cxf.xml]]
2019-03-09 19:24:05 INFO  factory.support.DefaultListableBeanFactory:822 - Overriding bean definition for bean 'org.apache.cxf.bus.spring.BusWiringBeanFactoryPostProcessor': replacing [Generic bean: class [org.apache.cxf.bus.spring.BusWiringBeanFactoryPostProcessor]; scope=; abstract=false; lazyInit=false; autowireMode=0; dependencyCheck=0; autowireCandidate=true; primary=false; factoryBeanName=null; factoryMethodName=null; initMethodName=null; destroyMethodName=null; defined in class path resource [META-INF/cxf/cxf.xml]] with [Generic bean: class [org.apache.cxf.bus.spring.BusWiringBeanFactoryPostProcessor]; scope=; abstract=false; lazyInit=false; autowireMode=0; dependencyCheck=0; autowireCandidate=true; primary=false; factoryBeanName=null; factoryMethodName=null; initMethodName=null; destroyMethodName=null; defined in class path resource [META-INF/cxf/cxf.xml]]
2019-03-09 19:24:05 INFO  factory.support.DefaultListableBeanFactory:822 - Overriding bean definition for bean 'org.apache.cxf.bus.spring.Jsr250BeanPostProcessor': replacing [Generic bean: class [org.apache.cxf.bus.spring.Jsr250BeanPostProcessor]; scope=; abstract=false; lazyInit=false; autowireMode=0; dependencyCheck=0; autowireCandidate=true; primary=false; factoryBeanName=null; factoryMethodName=null; initMethodName=null; destroyMethodName=null; defined in class path resource [META-INF/cxf/cxf.xml]] with [Generic bean: class [org.apache.cxf.bus.spring.Jsr250BeanPostProcessor]; scope=; abstract=false; lazyInit=false; autowireMode=0; dependencyCheck=0; autowireCandidate=true; primary=false; factoryBeanName=null; factoryMethodName=null; initMethodName=null; destroyMethodName=null; defined in class path resource [META-INF/cxf/cxf.xml]]
2019-03-09 19:24:05 INFO  factory.support.DefaultListableBeanFactory:822 - Overriding bean definition for bean 'org.apache.cxf.bus.spring.BusExtensionPostProcessor': replacing [Generic bean: class [org.apache.cxf.bus.spring.BusExtensionPostProcessor]; scope=; abstract=false; lazyInit=false; autowireMode=0; dependencyCheck=0; autowireCandidate=true; primary=false; factoryBeanName=null; factoryMethodName=null; initMethodName=null; destroyMethodName=null; defined in class path resource [META-INF/cxf/cxf.xml]] with [Generic bean: class [org.apache.cxf.bus.spring.BusExtensionPostProcessor]; scope=; abstract=false; lazyInit=false; autowireMode=0; dependencyCheck=0; autowireCandidate=true; primary=false; factoryBeanName=null; factoryMethodName=null; initMethodName=null; destroyMethodName=null; defined in class path resource [META-INF/cxf/cxf.xml]]
2019-03-09 19:24:05 INFO  factory.annotation.AutowiredAnnotationBeanPostProcessor:153 - JSR-330 'javax.inject.Inject' annotation found and supported for autowiring
2019-03-09 19:24:08 INFO  web.context.ContextLoader:325 - Root WebApplicationContext: initialization completed in 10952 ms
2019-03-09 19:24:37 INFO  web.rest.FileServiceImpl:27 - Method write file
2019-03-09 19:24:37 INFO  lab.dao.FileDAO:16 - Method write file on server
2019-03-09 19:24:37 WARN  web.rest.FileServiceImpl:36 - [null] file already exist
2019-03-09 22:04:32 INFO  web.context.ContextLoader:285 - Root WebApplicationContext: initialization started
2019-03-09 22:04:32 INFO  context.support.XmlWebApplicationContext:514 - Refreshing Root WebApplicationContext: startup date [Sat Mar 09 22:04:32 EET 2019]; root of context hierarchy
2019-03-09 22:04:32 INFO  factory.xml.XmlBeanDefinitionReader:317 - Loading XML bean definitions from ServletContext resource [/WEB-INF/beans_soap.xml]
2019-03-09 22:04:33 INFO  factory.xml.XmlBeanDefinitionReader:317 - Loading XML bean definitions from class path resource [META-INF/cxf/cxf.xml]
2019-03-09 22:04:34 INFO  factory.xml.XmlBeanDefinitionReader:317 - Loading XML bean definitions from ServletContext resource [/WEB-INF/beans_rest.xml]
2019-03-09 22:04:34 INFO  factory.xml.XmlBeanDefinitionReader:317 - Loading XML bean definitions from class path resource [META-INF/cxf/cxf.xml]
2019-03-09 22:04:34 INFO  factory.support.DefaultListableBeanFactory:822 - Overriding bean definition for bean 'cxf': replacing [Generic bean: class [org.apache.cxf.bus.spring.SpringBus]; scope=; abstract=false; lazyInit=false; autowireMode=0; dependencyCheck=0; autowireCandidate=true; primary=false; factoryBeanName=null; factoryMethodName=null; initMethodName=null; destroyMethodName=shutdown; defined in class path resource [META-INF/cxf/cxf.xml]] with [Generic bean: class [org.apache.cxf.bus.spring.SpringBus]; scope=; abstract=false; lazyInit=false; autowireMode=0; dependencyCheck=0; autowireCandidate=true; primary=false; factoryBeanName=null; factoryMethodName=null; initMethodName=null; destroyMethodName=shutdown; defined in class path resource [META-INF/cxf/cxf.xml]]
2019-03-09 22:04:34 INFO  factory.support.DefaultListableBeanFactory:822 - Overriding bean definition for bean 'org.apache.cxf.bus.spring.BusWiringBeanFactoryPostProcessor': replacing [Generic bean: class [org.apache.cxf.bus.spring.BusWiringBeanFactoryPostProcessor]; scope=; abstract=false; lazyInit=false; autowireMode=0; dependencyCheck=0; autowireCandidate=true; primary=false; factoryBeanName=null; factoryMethodName=null; initMethodName=null; destroyMethodName=null; defined in class path resource [META-INF/cxf/cxf.xml]] with [Generic bean: class [org.apache.cxf.bus.spring.BusWiringBeanFactoryPostProcessor]; scope=; abstract=false; lazyInit=false; autowireMode=0; dependencyCheck=0; autowireCandidate=true; primary=false; factoryBeanName=null; factoryMethodName=null; initMethodName=null; destroyMethodName=null; defined in class path resource [META-INF/cxf/cxf.xml]]
2019-03-09 22:04:34 INFO  factory.support.DefaultListableBeanFactory:822 - Overriding bean definition for bean 'org.apache.cxf.bus.spring.Jsr250BeanPostProcessor': replacing [Generic bean: class [org.apache.cxf.bus.spring.Jsr250BeanPostProcessor]; scope=; abstract=false; lazyInit=false; autowireMode=0; dependencyCheck=0; autowireCandidate=true; primary=false; factoryBeanName=null; factoryMethodName=null; initMethodName=null; destroyMethodName=null; defined in class path resource [META-INF/cxf/cxf.xml]] with [Generic bean: class [org.apache.cxf.bus.spring.Jsr250BeanPostProcessor]; scope=; abstract=false; lazyInit=false; autowireMode=0; dependencyCheck=0; autowireCandidate=true; primary=false; factoryBeanName=null; factoryMethodName=null; initMethodName=null; destroyMethodName=null; defined in class path resource [META-INF/cxf/cxf.xml]]
2019-03-09 22:04:34 INFO  factory.support.DefaultListableBeanFactory:822 - Overriding bean definition for bean 'org.apache.cxf.bus.spring.BusExtensionPostProcessor': replacing [Generic bean: class [org.apache.cxf.bus.spring.BusExtensionPostProcessor]; scope=; abstract=false; lazyInit=false; autowireMode=0; dependencyCheck=0; autowireCandidate=true; primary=false; factoryBeanName=null; factoryMethodName=null; initMethodName=null; destroyMethodName=null; defined in class path resource [META-INF/cxf/cxf.xml]] with [Generic bean: class [org.apache.cxf.bus.spring.BusExtensionPostProcessor]; scope=; abstract=false; lazyInit=false; autowireMode=0; dependencyCheck=0; autowireCandidate=true; primary=false; factoryBeanName=null; factoryMethodName=null; initMethodName=null; destroyMethodName=null; defined in class path resource [META-INF/cxf/cxf.xml]]
2019-03-09 22:04:35 INFO  factory.annotation.AutowiredAnnotationBeanPostProcessor:153 - JSR-330 'javax.inject.Inject' annotation found and supported for autowiring
2019-03-09 22:04:41 INFO  web.context.ContextLoader:325 - Root WebApplicationContext: initialization completed in 9715 ms
2019-03-09 22:05:15 INFO  web.rest.FileServiceImpl:27 - Method write file
2019-03-09 22:05:15 INFO  lab.dao.FileDAO:16 - Method write file on server
2019-03-09 22:05:15 INFO  lab.dao.FileDAO:25 - File created: true
2019-03-09 22:05:15 INFO  lab.dao.FileDAO:29 - File is less than 1MB 0
2019-03-09 22:05:17 INFO  web.rest.FileServiceImpl:33 - Method write file result:true
2019-03-09 22:09:34 INFO  web.context.ContextLoader:285 - Root WebApplicationContext: initialization started
2019-03-09 22:09:35 INFO  context.support.XmlWebApplicationContext:514 - Refreshing Root WebApplicationContext: startup date [Sat Mar 09 22:09:35 EET 2019]; root of context hierarchy
2019-03-09 22:09:35 INFO  factory.xml.XmlBeanDefinitionReader:317 - Loading XML bean definitions from ServletContext resource [/WEB-INF/beans_soap.xml]
2019-03-09 22:09:36 INFO  factory.xml.XmlBeanDefinitionReader:317 - Loading XML bean definitions from class path resource [META-INF/cxf/cxf.xml]
2019-03-09 22:09:37 INFO  factory.xml.XmlBeanDefinitionReader:317 - Loading XML bean definitions from ServletContext resource [/WEB-INF/beans_rest.xml]
2019-03-09 22:09:37 INFO  factory.xml.XmlBeanDefinitionReader:317 - Loading XML bean definitions from class path resource [META-INF/cxf/cxf.xml]
2019-03-09 22:09:37 INFO  factory.support.DefaultListableBeanFactory:822 - Overriding bean definition for bean 'cxf': replacing [Generic bean: class [org.apache.cxf.bus.spring.SpringBus]; scope=; abstract=false; lazyInit=false; autowireMode=0; dependencyCheck=0; autowireCandidate=true; primary=false; factoryBeanName=null; factoryMethodName=null; initMethodName=null; destroyMethodName=shutdown; defined in class path resource [META-INF/cxf/cxf.xml]] with [Generic bean: class [org.apache.cxf.bus.spring.SpringBus]; scope=; abstract=false; lazyInit=false; autowireMode=0; dependencyCheck=0; autowireCandidate=true; primary=false; factoryBeanName=null; factoryMethodName=null; initMethodName=null; destroyMethodName=shutdown; defined in class path resource [META-INF/cxf/cxf.xml]]
2019-03-09 22:09:37 INFO  factory.support.DefaultListableBeanFactory:822 - Overriding bean definition for bean 'org.apache.cxf.bus.spring.BusWiringBeanFactoryPostProcessor': replacing [Generic bean: class [org.apache.cxf.bus.spring.BusWiringBeanFactoryPostProcessor]; scope=; abstract=false; lazyInit=false; autowireMode=0; dependencyCheck=0; autowireCandidate=true; primary=false; factoryBeanName=null; factoryMethodName=null; initMethodName=null; destroyMethodName=null; defined in class path resource [META-INF/cxf/cxf.xml]] with [Generic bean: class [org.apache.cxf.bus.spring.BusWiringBeanFactoryPostProcessor]; scope=; abstract=false; lazyInit=false; autowireMode=0; dependencyCheck=0; autowireCandidate=true; primary=false; factoryBeanName=null; factoryMethodName=null; initMethodName=null; destroyMethodName=null; defined in class path resource [META-INF/cxf/cxf.xml]]
2019-03-09 22:09:37 INFO  factory.support.DefaultListableBeanFactory:822 - Overriding bean definition for bean 'org.apache.cxf.bus.spring.Jsr250BeanPostProcessor': replacing [Generic bean: class [org.apache.cxf.bus.spring.Jsr250BeanPostProcessor]; scope=; abstract=false; lazyInit=false; autowireMode=0; dependencyCheck=0; autowireCandidate=true; primary=false; factoryBeanName=null; factoryMethodName=null; initMethodName=null; destroyMethodName=null; defined in class path resource [META-INF/cxf/cxf.xml]] with [Generic bean: class [org.apache.cxf.bus.spring.Jsr250BeanPostProcessor]; scope=; abstract=false; lazyInit=false; autowireMode=0; dependencyCheck=0; autowireCandidate=true; primary=false; factoryBeanName=null; factoryMethodName=null; initMethodName=null; destroyMethodName=null; defined in class path resource [META-INF/cxf/cxf.xml]]
2019-03-09 22:09:37 INFO  factory.support.DefaultListableBeanFactory:822 - Overriding bean definition for bean 'org.apache.cxf.bus.spring.BusExtensionPostProcessor': replacing [Generic bean: class [org.apache.cxf.bus.spring.BusExtensionPostProcessor]; scope=; abstract=false; lazyInit=false; autowireMode=0; dependencyCheck=0; autowireCandidate=true; primary=false; factoryBeanName=null; factoryMethodName=null; initMethodName=null; destroyMethodName=null; defined in class path resource [META-INF/cxf/cxf.xml]] with [Generic bean: class [org.apache.cxf.bus.spring.BusExtensionPostProcessor]; scope=; abstract=false; lazyInit=false; autowireMode=0; dependencyCheck=0; autowireCandidate=true; primary=false; factoryBeanName=null; factoryMethodName=null; initMethodName=null; destroyMethodName=null; defined in class path resource [META-INF/cxf/cxf.xml]]
2019-03-09 22:09:37 INFO  factory.annotation.AutowiredAnnotationBeanPostProcessor:153 - JSR-330 'javax.inject.Inject' annotation found and supported for autowiring
2019-03-09 22:09:42 INFO  web.context.ContextLoader:325 - Root WebApplicationContext: initialization completed in 7560 ms
2019-03-09 22:10:17 INFO  web.rest.FileServiceImpl:46 - Method download file
2019-03-09 22:10:17 INFO  lab.dao.FileDAO:65 - Method downloading file from server
2019-03-09 22:10:17 INFO  lab.dao.FileDAO:75 - File is exists
2019-03-09 22:10:18 INFO  lab.dao.FileDAO:78 - File is download
2019-03-09 22:10:18 INFO  web.rest.FileServiceImpl:55 - Method download file result:true
